2021-11-03 15:11:27.570  INFO 6571 --- [restartedMain] c.shopme.admin.ShopmeBackEndApplication  : Starting ShopmeBackEndApplication using Java 16.0.2 on Nirajans-MBP.fios-router.home with PID 6571 (/Users/nirajanp/Documents/workspace-spring-tool-suite-4-4.12.0.RELEASE/ShopmeEcommerce/ShopmeProject/ShopmeWebParent/ShopmeBackEnd/target/classes started by nirajanp in /Users/nirajanp/Documents/workspace-spring-tool-suite-4-4.12.0.RELEASE/ShopmeEcommerce/ShopmeProject/ShopmeWebParent/ShopmeBackEnd)
2021-11-03 15:11:27.570 DEBUG 6571 --- [restartedMain] c.shopme.admin.ShopmeBackEndApplication  : Running with Spring Boot v2.5.5, Spring v5.3.10
2021-11-03 15:11:27.571  INFO 6571 --- [restartedMain] c.shopme.admin.ShopmeBackEndApplication  : No active profile set, falling back to default profiles: default
2021-11-03 15:11:27.902  WARN 6571 --- [restartedMain] JpaBaseConfiguration$JpaWebConfiguration : spring.jpa.open-in-view is enabled by default. Therefore, database queries may be performed during view rendering. Explicitly configure spring.jpa.open-in-view to disable this warning
2021-11-03 15:11:28.168  INFO 6571 --- [restartedMain] c.shopme.admin.ShopmeBackEndApplication  : Started ShopmeBackEndApplication in 0.648 seconds (JVM running for 259.816)
2021-11-03 15:12:47.651  WARN 6571 --- [restartedMain] JpaBaseConfiguration$JpaWebConfiguration : spring.jpa.open-in-view is enabled by default. Therefore, database queries may be performed during view rendering. Explicitly configure spring.jpa.open-in-view to disable this warning
2021-11-03 15:12:58.482  INFO 6571 --- [restartedMain] c.shopme.admin.ShopmeBackEndApplication  : Starting ShopmeBackEndApplication using Java 16.0.2 on Nirajans-MBP.fios-router.home with PID 6571 (/Users/nirajanp/Documents/workspace-spring-tool-suite-4-4.12.0.RELEASE/ShopmeEcommerce/ShopmeProject/ShopmeWebParent/ShopmeBackEnd/target/classes started by nirajanp in /Users/nirajanp/Documents/workspace-spring-tool-suite-4-4.12.0.RELEASE/ShopmeEcommerce/ShopmeProject/ShopmeWebParent/ShopmeBackEnd)
2021-11-03 15:12:58.482  INFO 6571 --- [restartedMain] c.shopme.admin.ShopmeBackEndApplication  : No active profile set, falling back to default profiles: default
2021-11-03 15:12:58.595  INFO 6571 --- [restartedMain] .s.d.r.c.RepositoryConfigurationDelegate : Bootstrapping Spring Data JPA repositories in DEFAULT mode.
2021-11-03 15:12:58.602  INFO 6571 --- [restartedMain] .s.d.r.c.RepositoryConfigurationDelegate : Finished Spring Data repository scanning in 7 ms. Found 2 JPA repository interfaces.
2021-11-03 15:12:58.670  INFO 6571 --- [restartedMain] o.s.b.w.embedded.tomcat.TomcatWebServer  : Tomcat initialized with port(s): 8080 (http)
2021-11-03 15:12:58.672  INFO 6571 --- [restartedMain] o.apache.catalina.core.StandardService   : Starting service [Tomcat]
2021-11-03 15:12:58.672  INFO 6571 --- [restartedMain] org.apache.catalina.core.StandardEngine  : Starting Servlet engine: [Apache Tomcat/9.0.53]
2021-11-03 15:12:58.681  INFO 6571 --- [restartedMain] o.a.c.c.C.[.[localhost].[/ShopmeAdmin]   : Initializing Spring embedded WebApplicationContext
2021-11-03 15:12:58.682  INFO 6571 --- [restartedMain] w.s.c.ServletWebServerApplicationContext : Root WebApplicationContext: initialization completed in 198 ms
2021-11-03 15:12:58.707  INFO 6571 --- [restartedMain] o.hibernate.jpa.internal.util.LogHelper  : HHH000204: Processing PersistenceUnitInfo [name: default]
2021-11-03 15:12:58.712  INFO 6571 --- [restartedMain] com.zaxxer.hikari.HikariDataSource       : HikariPool-5 - Starting...
2021-11-03 15:12:58.724  INFO 6571 --- [restartedMain] com.zaxxer.hikari.HikariDataSource       : HikariPool-5 - Start completed.
2021-11-03 15:12:58.724  INFO 6571 --- [restartedMain] org.hibernate.dialect.Dialect            : HHH000400: Using dialect: org.hibernate.dialect.MySQL8Dialect
2021-11-03 15:12:58.774  INFO 6571 --- [restartedMain] o.h.e.t.j.p.i.JtaPlatformInitiator       : HHH000490: Using JtaPlatform implementation: [org.hibernate.engine.transaction.jta.platform.internal.NoJtaPlatform]
2021-11-03 15:12:58.775  INFO 6571 --- [restartedMain] j.LocalContainerEntityManagerFactoryBean : Initialized JPA EntityManagerFactory for persistence unit 'default'
2021-11-03 15:12:58.790  WARN 6571 --- [restartedMain] JpaBaseConfiguration$JpaWebConfiguration : spring.jpa.open-in-view is enabled by default. Therefore, database queries may be performed during view rendering. Explicitly configure spring.jpa.open-in-view to disable this warning
2021-11-03 15:12:58.852  INFO 6571 --- [restartedMain] o.s.s.web.DefaultSecurityFilterChain     : Will secure Ant [pattern='/images/**'] with []
2021-11-03 15:12:58.853  INFO 6571 --- [restartedMain] o.s.s.web.DefaultSecurityFilterChain     : Will secure Ant [pattern='/js/**'] with []
2021-11-03 15:12:58.853  INFO 6571 --- [restartedMain] o.s.s.web.DefaultSecurityFilterChain     : Will secure Ant [pattern='/webjars/**'] with []
2021-11-03 15:12:58.858  INFO 6571 --- [restartedMain] o.s.s.web.DefaultSecurityFilterChain     : Will secure any request with [org.springframework.security.web.context.request.async.WebAsyncManagerIntegrationFilter@1840f23a, org.springframework.security.web.context.SecurityContextPersistenceFilter@3c5e97c6, org.springframework.security.web.header.HeaderWriterFilter@750b0429, org.springframework.security.web.csrf.CsrfFilter@5f88fecc, org.springframework.security.web.authentication.logout.LogoutFilter@54e27323, org.springframework.security.web.authentication.UsernamePasswordAuthenticationFilter@67aee6d8, org.springframework.security.web.savedrequest.RequestCacheAwareFilter@568a9ff6, org.springframework.security.web.servletapi.SecurityContextHolderAwareRequestFilter@7b0de342, org.springframework.security.web.authentication.rememberme.RememberMeAuthenticationFilter@5eccfb5b, org.springframework.security.web.authentication.AnonymousAuthenticationFilter@7ddefc9c, org.springframework.security.web.session.SessionManagementFilter@24386313, org.springframework.security.web.access.ExceptionTranslationFilter@5936711a, org.springframework.security.web.access.intercept.FilterSecurityInterceptor@8cdb6d8]
2021-11-03 15:12:58.897  INFO 6571 --- [restartedMain] o.s.b.a.w.s.WelcomePageHandlerMapping    : Adding welcome page template: index
2021-11-03 15:12:59.067  INFO 6571 --- [restartedMain] o.s.b.d.a.OptionalLiveReloadServer       : LiveReload server is running on port 35729
2021-11-03 15:12:59.077  INFO 6571 --- [restartedMain] o.s.b.w.embedded.tomcat.TomcatWebServer  : Tomcat started on port(s): 8080 (http) with context path '/ShopmeAdmin'
2021-11-03 15:12:59.084  INFO 6571 --- [restartedMain] c.shopme.admin.ShopmeBackEndApplication  : Started ShopmeBackEndApplication in 0.627 seconds (JVM running for 350.733)
2021-11-03 15:12:59.087  INFO 6571 --- [restartedMain] .ConditionEvaluationDeltaLoggingListener : Condition evaluation unchanged
2021-11-03 15:29:05.005  INFO 6571 --- [Thread-19] j.LocalContainerEntityManagerFactoryBean : Closing JPA EntityManagerFactory for persistence unit 'default'
2021-11-03 15:29:05.005  INFO 6571 --- [Thread-19] com.zaxxer.hikari.HikariDataSource       : HikariPool-5 - Shutdown initiated...
2021-11-03 15:29:05.009  INFO 6571 --- [Thread-19] com.zaxxer.hikari.HikariDataSource       : HikariPool-5 - Shutdown completed.
