2021-11-06 15:35:02.468  INFO 6992 --- [restartedMain] c.shopme.admin.ShopmeBackEndApplication  : Starting ShopmeBackEndApplication using Java 16.0.2 on Nirajans-MBP.fios-router.home with PID 6992 (/Users/nirajanp/Documents/workspace-spring-tool-suite-4-4.12.0.RELEASE/ShopmeEcommerce/ShopmeProject/ShopmeWebParent/ShopmeBackEnd/target/classes started by nirajanp in /Users/nirajanp/Documents/workspace-spring-tool-suite-4-4.12.0.RELEASE/ShopmeEcommerce/ShopmeProject/ShopmeWebParent/ShopmeBackEnd)
2021-11-06 15:35:02.473  INFO 6992 --- [restartedMain] c.shopme.admin.ShopmeBackEndApplication  : No active profile set, falling back to default profiles: default
2021-11-06 15:35:02.519  INFO 6992 --- [restartedMain] .e.DevToolsPropertyDefaultsPostProcessor : Devtools property defaults active! Set 'spring.devtools.add-properties' to 'false' to disable
2021-11-06 15:35:02.520  INFO 6992 --- [restartedMain] .e.DevToolsPropertyDefaultsPostProcessor : For additional web related logging consider setting the 'logging.level.web' property to 'DEBUG'
2021-11-06 15:35:03.079  INFO 6992 --- [restartedMain] .s.d.r.c.RepositoryConfigurationDelegate : Bootstrapping Spring Data JPA repositories in DEFAULT mode.
2021-11-06 15:35:03.128  INFO 6992 --- [restartedMain] .s.d.r.c.RepositoryConfigurationDelegate : Finished Spring Data repository scanning in 42 ms. Found 2 JPA repository interfaces.
2021-11-06 15:35:03.610  INFO 6992 --- [restartedMain] o.s.b.w.embedded.tomcat.TomcatWebServer  : Tomcat initialized with port(s): 8080 (http)
2021-11-06 15:35:03.619  INFO 6992 --- [restartedMain] o.apache.catalina.core.StandardService   : Starting service [Tomcat]
2021-11-06 15:35:03.619  INFO 6992 --- [restartedMain] org.apache.catalina.core.StandardEngine  : Starting Servlet engine: [Apache Tomcat/9.0.53]
2021-11-06 15:35:03.699  INFO 6992 --- [restartedMain] o.a.c.c.C.[.[localhost].[/ShopmeAdmin]   : Initializing Spring embedded WebApplicationContext
2021-11-06 15:35:03.700  INFO 6992 --- [restartedMain] w.s.c.ServletWebServerApplicationContext : Root WebApplicationContext: initialization completed in 1180 ms
2021-11-06 15:35:03.860  INFO 6992 --- [restartedMain] o.hibernate.jpa.internal.util.LogHelper  : HHH000204: Processing PersistenceUnitInfo [name: default]
2021-11-06 15:35:03.901  INFO 6992 --- [restartedMain] org.hibernate.Version                    : HHH000412: Hibernate ORM core version 5.4.32.Final
2021-11-06 15:35:04.011  INFO 6992 --- [restartedMain] o.hibernate.annotations.common.Version   : HCANN000001: Hibernate Commons Annotations {5.1.2.Final}
2021-11-06 15:35:04.099  INFO 6992 --- [restartedMain] com.zaxxer.hikari.HikariDataSource       : HikariPool-1 - Starting...
2021-11-06 15:35:04.426  INFO 6992 --- [restartedMain] com.zaxxer.hikari.HikariDataSource       : HikariPool-1 - Start completed.
2021-11-06 15:35:04.440  INFO 6992 --- [restartedMain] org.hibernate.dialect.Dialect            : HHH000400: Using dialect: org.hibernate.dialect.MySQL8Dialect
2021-11-06 15:35:05.034  INFO 6992 --- [restartedMain] o.h.e.t.j.p.i.JtaPlatformInitiator       : HHH000490: Using JtaPlatform implementation: [org.hibernate.engine.transaction.jta.platform.internal.NoJtaPlatform]
2021-11-06 15:35:05.041  INFO 6992 --- [restartedMain] j.LocalContainerEntityManagerFactoryBean : Initialized JPA EntityManagerFactory for persistence unit 'default'
2021-11-06 15:35:05.103  WARN 6992 --- [restartedMain] JpaBaseConfiguration$JpaWebConfiguration : spring.jpa.open-in-view is enabled by default. Therefore, database queries may be performed during view rendering. Explicitly configure spring.jpa.open-in-view to disable this warning
2021-11-06 15:35:05.574  INFO 6992 --- [restartedMain] o.s.s.web.DefaultSecurityFilterChain     : Will secure Ant [pattern='/images/**'] with []
2021-11-06 15:35:05.574  INFO 6992 --- [restartedMain] o.s.s.web.DefaultSecurityFilterChain     : Will secure Ant [pattern='/js/**'] with []
2021-11-06 15:35:05.574  INFO 6992 --- [restartedMain] o.s.s.web.DefaultSecurityFilterChain     : Will secure Ant [pattern='/webjars/**'] with []
2021-11-06 15:35:05.602  INFO 6992 --- [restartedMain] o.s.s.web.DefaultSecurityFilterChain     : Will secure any request with [org.springframework.security.web.context.request.async.WebAsyncManagerIntegrationFilter@4002bea7, org.springframework.security.web.context.SecurityContextPersistenceFilter@252894d8, org.springframework.security.web.header.HeaderWriterFilter@363aa2ce, org.springframework.security.web.csrf.CsrfFilter@37d601be, org.springframework.security.web.authentication.logout.LogoutFilter@1a5abf08, org.springframework.security.web.authentication.UsernamePasswordAuthenticationFilter@3a4c10f4, org.springframework.security.web.savedrequest.RequestCacheAwareFilter@35bfc25c, org.springframework.security.web.servletapi.SecurityContextHolderAwareRequestFilter@557aac38, org.springframework.security.web.authentication.rememberme.RememberMeAuthenticationFilter@156745c8, org.springframework.security.web.authentication.AnonymousAuthenticationFilter@5d188121, org.springframework.security.web.session.SessionManagementFilter@5dc7b10d, org.springframework.security.web.access.ExceptionTranslationFilter@5fabe0, org.springframework.security.web.access.intercept.FilterSecurityInterceptor@6d2ac5be]
2021-11-06 15:35:05.775  INFO 6992 --- [restartedMain] o.s.b.a.w.s.WelcomePageHandlerMapping    : Adding welcome page template: index
2021-11-06 15:35:06.157  INFO 6992 --- [restartedMain] o.s.b.d.a.OptionalLiveReloadServer       : LiveReload server is running on port 35729
2021-11-06 15:35:06.188  INFO 6992 --- [restartedMain] o.s.b.w.embedded.tomcat.TomcatWebServer  : Tomcat started on port(s): 8080 (http) with context path '/ShopmeAdmin'
2021-11-06 15:35:06.202  INFO 6992 --- [restartedMain] c.shopme.admin.ShopmeBackEndApplication  : Started ShopmeBackEndApplication in 4.072 seconds (JVM running for 4.846)
