2021-11-08 15:36:14.753  INFO 7129 --- [restartedMain] c.shopme.admin.ShopmeBackEndApplication  : Starting ShopmeBackEndApplication using Java 16.0.2 on Nirajans-MBP.fios-router.home with PID 7129 (/Users/nirajanp/Documents/workspace-spring-tool-suite-4-4.12.0.RELEASE/ShopmeEcommerce/ShopmeProject/ShopmeWebParent/ShopmeBackEnd/target/classes started by nirajanp in /Users/nirajanp/Documents/workspace-spring-tool-suite-4-4.12.0.RELEASE/ShopmeEcommerce/ShopmeProject/ShopmeWebParent/ShopmeBackEnd)
2021-11-08 15:36:14.756  INFO 7129 --- [restartedMain] c.shopme.admin.ShopmeBackEndApplication  : No active profile set, falling back to default profiles: default
2021-11-08 15:36:14.797  INFO 7129 --- [restartedMain] .e.DevToolsPropertyDefaultsPostProcessor : Devtools property defaults active! Set 'spring.devtools.add-properties' to 'false' to disable
2021-11-08 15:36:14.798  INFO 7129 --- [restartedMain] .e.DevToolsPropertyDefaultsPostProcessor : For additional web related logging consider setting the 'logging.level.web' property to 'DEBUG'
2021-11-08 15:36:15.409  INFO 7129 --- [restartedMain] .s.d.r.c.RepositoryConfigurationDelegate : Bootstrapping Spring Data JPA repositories in DEFAULT mode.
2021-11-08 15:36:15.460  INFO 7129 --- [restartedMain] .s.d.r.c.RepositoryConfigurationDelegate : Finished Spring Data repository scanning in 44 ms. Found 2 JPA repository interfaces.
2021-11-08 15:36:16.026  INFO 7129 --- [restartedMain] o.s.b.w.embedded.tomcat.TomcatWebServer  : Tomcat initialized with port(s): 8080 (http)
2021-11-08 15:36:16.035  INFO 7129 --- [restartedMain] o.apache.catalina.core.StandardService   : Starting service [Tomcat]
2021-11-08 15:36:16.036  INFO 7129 --- [restartedMain] org.apache.catalina.core.StandardEngine  : Starting Servlet engine: [Apache Tomcat/9.0.53]
2021-11-08 15:36:16.104  INFO 7129 --- [restartedMain] o.a.c.c.C.[.[localhost].[/ShopmeAdmin]   : Initializing Spring embedded WebApplicationContext
2021-11-08 15:36:16.104  INFO 7129 --- [restartedMain] w.s.c.ServletWebServerApplicationContext : Root WebApplicationContext: initialization completed in 1305 ms
2021-11-08 15:36:16.256  INFO 7129 --- [restartedMain] o.hibernate.jpa.internal.util.LogHelper  : HHH000204: Processing PersistenceUnitInfo [name: default]
2021-11-08 15:36:16.304  INFO 7129 --- [restartedMain] org.hibernate.Version                    : HHH000412: Hibernate ORM core version 5.4.32.Final
2021-11-08 15:36:16.437  INFO 7129 --- [restartedMain] o.hibernate.annotations.common.Version   : HCANN000001: Hibernate Commons Annotations {5.1.2.Final}
2021-11-08 15:36:16.532  INFO 7129 --- [restartedMain] com.zaxxer.hikari.HikariDataSource       : HikariPool-1 - Starting...
2021-11-08 15:36:16.855  INFO 7129 --- [restartedMain] com.zaxxer.hikari.HikariDataSource       : HikariPool-1 - Start completed.
2021-11-08 15:36:16.868  INFO 7129 --- [restartedMain] org.hibernate.dialect.Dialect            : HHH000400: Using dialect: org.hibernate.dialect.MySQL8Dialect
2021-11-08 15:36:17.410  INFO 7129 --- [restartedMain] o.h.e.t.j.p.i.JtaPlatformInitiator       : HHH000490: Using JtaPlatform implementation: [org.hibernate.engine.transaction.jta.platform.internal.NoJtaPlatform]
2021-11-08 15:36:17.416  INFO 7129 --- [restartedMain] j.LocalContainerEntityManagerFactoryBean : Initialized JPA EntityManagerFactory for persistence unit 'default'
2021-11-08 15:36:17.461  WARN 7129 --- [restartedMain] JpaBaseConfiguration$JpaWebConfiguration : spring.jpa.open-in-view is enabled by default. Therefore, database queries may be performed during view rendering. Explicitly configure spring.jpa.open-in-view to disable this warning
2021-11-08 15:36:17.952  INFO 7129 --- [restartedMain] o.s.s.web.DefaultSecurityFilterChain     : Will secure Ant [pattern='/images/**'] with []
2021-11-08 15:36:17.952  INFO 7129 --- [restartedMain] o.s.s.web.DefaultSecurityFilterChain     : Will secure Ant [pattern='/js/**'] with []
2021-11-08 15:36:17.952  INFO 7129 --- [restartedMain] o.s.s.web.DefaultSecurityFilterChain     : Will secure Ant [pattern='/webjars/**'] with []
2021-11-08 15:36:17.976  INFO 7129 --- [restartedMain] o.s.s.web.DefaultSecurityFilterChain     : Will secure any request with [org.springframework.security.web.context.request.async.WebAsyncManagerIntegrationFilter@6d2ac5be, org.springframework.security.web.context.SecurityContextPersistenceFilter@31041cd, org.springframework.security.web.header.HeaderWriterFilter@1fb289d8, org.springframework.security.web.csrf.CsrfFilter@1555420d, org.springframework.security.web.authentication.logout.LogoutFilter@349a210d, org.springframework.security.web.authentication.UsernamePasswordAuthenticationFilter@68a72a47, org.springframework.security.web.savedrequest.RequestCacheAwareFilter@5fabe0, org.springframework.security.web.servletapi.SecurityContextHolderAwareRequestFilter@35bfc25c, org.springframework.security.web.authentication.rememberme.RememberMeAuthenticationFilter@3feb1658, org.springframework.security.web.authentication.AnonymousAuthenticationFilter@a0ee17b, org.springframework.security.web.session.SessionManagementFilter@c32d0ca, org.springframework.security.web.access.ExceptionTranslationFilter@305777b1, org.springframework.security.web.access.intercept.FilterSecurityInterceptor@5be0fda8]
2021-11-08 15:36:18.150  INFO 7129 --- [restartedMain] o.s.b.a.w.s.WelcomePageHandlerMapping    : Adding welcome page template: index
2021-11-08 15:36:18.540  INFO 7129 --- [restartedMain] o.s.b.d.a.OptionalLiveReloadServer       : LiveReload server is running on port 35729
2021-11-08 15:36:18.567  INFO 7129 --- [restartedMain] o.s.b.w.embedded.tomcat.TomcatWebServer  : Tomcat started on port(s): 8080 (http) with context path '/ShopmeAdmin'
2021-11-08 15:36:18.576  INFO 7129 --- [restartedMain] c.shopme.admin.ShopmeBackEndApplication  : Started ShopmeBackEndApplication in 4.161 seconds (JVM running for 4.902)
2021-11-08 15:36:40.358  INFO 7129 --- [RMI TCP Connection(8)-127.0.0.1] inMXBeanRegistrar$SpringApplicationAdmin : Application shutdown requested.
2021-11-08 15:36:40.381  INFO 7129 --- [RMI TCP Connection(8)-127.0.0.1] j.LocalContainerEntityManagerFactoryBean : Closing JPA EntityManagerFactory for persistence unit 'default'
2021-11-08 15:36:40.384  INFO 7129 --- [RMI TCP Connection(8)-127.0.0.1] com.zaxxer.hikari.HikariDataSource       : HikariPool-1 - Shutdown initiated...
2021-11-08 15:36:40.390  INFO 7129 --- [RMI TCP Connection(8)-127.0.0.1] com.zaxxer.hikari.HikariDataSource       : HikariPool-1 - Shutdown completed.
2021-11-08 15:36:46.278  INFO 7166 --- [restartedMain] c.shopme.admin.ShopmeBackEndApplication  : Starting ShopmeBackEndApplication using Java 16.0.2 on Nirajans-MBP.fios-router.home with PID 7166 (/Users/nirajanp/Documents/workspace-spring-tool-suite-4-4.12.0.RELEASE/ShopmeEcommerce/ShopmeProject/ShopmeWebParent/ShopmeBackEnd/target/classes started by nirajanp in /Users/nirajanp/Documents/workspace-spring-tool-suite-4-4.12.0.RELEASE/ShopmeEcommerce/ShopmeProject/ShopmeWebParent/ShopmeBackEnd)
2021-11-08 15:36:46.282  INFO 7166 --- [restartedMain] c.shopme.admin.ShopmeBackEndApplication  : No active profile set, falling back to default profiles: default
2021-11-08 15:36:46.328  INFO 7166 --- [restartedMain] .e.DevToolsPropertyDefaultsPostProcessor : Devtools property defaults active! Set 'spring.devtools.add-properties' to 'false' to disable
2021-11-08 15:36:46.329  INFO 7166 --- [restartedMain] .e.DevToolsPropertyDefaultsPostProcessor : For additional web related logging consider setting the 'logging.level.web' property to 'DEBUG'
2021-11-08 15:36:46.910  INFO 7166 --- [restartedMain] .s.d.r.c.RepositoryConfigurationDelegate : Bootstrapping Spring Data JPA repositories in DEFAULT mode.
2021-11-08 15:36:46.962  INFO 7166 --- [restartedMain] .s.d.r.c.RepositoryConfigurationDelegate : Finished Spring Data repository scanning in 44 ms. Found 2 JPA repository interfaces.
2021-11-08 15:36:47.472  INFO 7166 --- [restartedMain] o.s.b.w.embedded.tomcat.TomcatWebServer  : Tomcat initialized with port(s): 8080 (http)
2021-11-08 15:36:47.480  INFO 7166 --- [restartedMain] o.apache.catalina.core.StandardService   : Starting service [Tomcat]
2021-11-08 15:36:47.481  INFO 7166 --- [restartedMain] org.apache.catalina.core.StandardEngine  : Starting Servlet engine: [Apache Tomcat/9.0.53]
2021-11-08 15:36:47.570  INFO 7166 --- [restartedMain] o.a.c.c.C.[.[localhost].[/ShopmeAdmin]   : Initializing Spring embedded WebApplicationContext
2021-11-08 15:36:47.570  INFO 7166 --- [restartedMain] w.s.c.ServletWebServerApplicationContext : Root WebApplicationContext: initialization completed in 1240 ms
2021-11-08 15:36:47.733  INFO 7166 --- [restartedMain] o.hibernate.jpa.internal.util.LogHelper  : HHH000204: Processing PersistenceUnitInfo [name: default]
2021-11-08 15:36:47.777  INFO 7166 --- [restartedMain] org.hibernate.Version                    : HHH000412: Hibernate ORM core version 5.4.32.Final
2021-11-08 15:36:47.896  INFO 7166 --- [restartedMain] o.hibernate.annotations.common.Version   : HCANN000001: Hibernate Commons Annotations {5.1.2.Final}
2021-11-08 15:36:47.987  INFO 7166 --- [restartedMain] com.zaxxer.hikari.HikariDataSource       : HikariPool-1 - Starting...
2021-11-08 15:36:48.325  INFO 7166 --- [restartedMain] com.zaxxer.hikari.HikariDataSource       : HikariPool-1 - Start completed.
2021-11-08 15:36:48.338  INFO 7166 --- [restartedMain] org.hibernate.dialect.Dialect            : HHH000400: Using dialect: org.hibernate.dialect.MySQL8Dialect
2021-11-08 15:36:48.927  INFO 7166 --- [restartedMain] o.h.e.t.j.p.i.JtaPlatformInitiator       : HHH000490: Using JtaPlatform implementation: [org.hibernate.engine.transaction.jta.platform.internal.NoJtaPlatform]
2021-11-08 15:36:48.934  INFO 7166 --- [restartedMain] j.LocalContainerEntityManagerFactoryBean : Initialized JPA EntityManagerFactory for persistence unit 'default'
2021-11-08 15:36:48.978  WARN 7166 --- [restartedMain] JpaBaseConfiguration$JpaWebConfiguration : spring.jpa.open-in-view is enabled by default. Therefore, database queries may be performed during view rendering. Explicitly configure spring.jpa.open-in-view to disable this warning
2021-11-08 15:36:49.482  INFO 7166 --- [restartedMain] o.s.s.web.DefaultSecurityFilterChain     : Will secure Ant [pattern='/images/**'] with []
2021-11-08 15:36:49.482  INFO 7166 --- [restartedMain] o.s.s.web.DefaultSecurityFilterChain     : Will secure Ant [pattern='/js/**'] with []
2021-11-08 15:36:49.482  INFO 7166 --- [restartedMain] o.s.s.web.DefaultSecurityFilterChain     : Will secure Ant [pattern='/webjars/**'] with []
2021-11-08 15:36:49.509  INFO 7166 --- [restartedMain] o.s.s.web.DefaultSecurityFilterChain     : Will secure any request with [org.springframework.security.web.context.request.async.WebAsyncManagerIntegrationFilter@4002bea7, org.springframework.security.web.context.SecurityContextPersistenceFilter@252894d8, org.springframework.security.web.header.HeaderWriterFilter@363aa2ce, org.springframework.security.web.csrf.CsrfFilter@37d601be, org.springframework.security.web.authentication.logout.LogoutFilter@1a5abf08, org.springframework.security.web.authentication.UsernamePasswordAuthenticationFilter@3a4c10f4, org.springframework.security.web.savedrequest.RequestCacheAwareFilter@35bfc25c, org.springframework.security.web.servletapi.SecurityContextHolderAwareRequestFilter@557aac38, org.springframework.security.web.authentication.rememberme.RememberMeAuthenticationFilter@156745c8, org.springframework.security.web.authentication.AnonymousAuthenticationFilter@5d188121, org.springframework.security.web.session.SessionManagementFilter@5dc7b10d, org.springframework.security.web.access.ExceptionTranslationFilter@5fabe0, org.springframework.security.web.access.intercept.FilterSecurityInterceptor@6d2ac5be]
2021-11-08 15:36:49.679  INFO 7166 --- [restartedMain] o.s.b.a.w.s.WelcomePageHandlerMapping    : Adding welcome page template: index
2021-11-08 15:36:50.056  INFO 7166 --- [restartedMain] o.s.b.d.a.OptionalLiveReloadServer       : LiveReload server is running on port 35729
2021-11-08 15:36:50.087  INFO 7166 --- [restartedMain] o.s.b.w.embedded.tomcat.TomcatWebServer  : Tomcat started on port(s): 8080 (http) with context path '/ShopmeAdmin'
2021-11-08 15:36:50.097  INFO 7166 --- [restartedMain] c.shopme.admin.ShopmeBackEndApplication  : Started ShopmeBackEndApplication in 4.136 seconds (JVM running for 4.852)
2021-11-03 15:37:58.343  WARN 7166 --- [HikariPool-1 housekeeper] com.zaxxer.hikari.pool.HikariPool        : HikariPool-1 - Retrograde clock change detected (housekeeper delta=-5d59m20s89ms), soft-evicting connections from pool.
2021-11-03 15:50:38.649  INFO 7166 --- [Thread-5] j.LocalContainerEntityManagerFactoryBean : Closing JPA EntityManagerFactory for persistence unit 'default'
2021-11-03 15:50:38.653  INFO 7166 --- [Thread-5] com.zaxxer.hikari.HikariDataSource       : HikariPool-1 - Shutdown initiated...
2021-11-03 15:50:38.656  INFO 7166 --- [Thread-5] com.zaxxer.hikari.HikariDataSource       : HikariPool-1 - Shutdown completed.
2021-11-03 15:50:38.739  INFO 7166 --- [restartedMain] c.shopme.admin.ShopmeBackEndApplication  : Starting ShopmeBackEndApplication using Java 16.0.2 on Nirajans-MBP.fios-router.home with PID 7166 (/Users/nirajanp/Documents/workspace-spring-tool-suite-4-4.12.0.RELEASE/ShopmeEcommerce/ShopmeProject/ShopmeWebParent/ShopmeBackEnd/target/classes started by nirajanp in /Users/nirajanp/Documents/workspace-spring-tool-suite-4-4.12.0.RELEASE/ShopmeEcommerce/ShopmeProject/ShopmeWebParent/ShopmeBackEnd)
2021-11-03 15:50:38.740  INFO 7166 --- [restartedMain] c.shopme.admin.ShopmeBackEndApplication  : No active profile set, falling back to default profiles: default
2021-11-03 15:50:38.879  INFO 7166 --- [restartedMain] .s.d.r.c.RepositoryConfigurationDelegate : Bootstrapping Spring Data JPA repositories in DEFAULT mode.
2021-11-03 15:50:38.889  INFO 7166 --- [restartedMain] .s.d.r.c.RepositoryConfigurationDelegate : Finished Spring Data repository scanning in 9 ms. Found 2 JPA repository interfaces.
2021-11-03 15:50:38.981  INFO 7166 --- [restartedMain] o.s.b.w.embedded.tomcat.TomcatWebServer  : Tomcat initialized with port(s): 8080 (http)
2021-11-03 15:50:38.982  INFO 7166 --- [restartedMain] o.apache.catalina.core.StandardService   : Starting service [Tomcat]
2021-11-03 15:50:38.982  INFO 7166 --- [restartedMain] org.apache.catalina.core.StandardEngine  : Starting Servlet engine: [Apache Tomcat/9.0.53]
2021-11-03 15:50:38.995  INFO 7166 --- [restartedMain] o.a.c.c.C.[.[localhost].[/ShopmeAdmin]   : Initializing Spring embedded WebApplicationContext
2021-11-03 15:50:38.995  INFO 7166 --- [restartedMain] w.s.c.ServletWebServerApplicationContext : Root WebApplicationContext: initialization completed in 253 ms
2021-11-03 15:50:39.027  INFO 7166 --- [restartedMain] o.hibernate.jpa.internal.util.LogHelper  : HHH000204: Processing PersistenceUnitInfo [name: default]
2021-11-03 15:50:39.031  INFO 7166 --- [restartedMain] com.zaxxer.hikari.HikariDataSource       : HikariPool-2 - Starting...
2021-11-03 15:50:39.046  INFO 7166 --- [restartedMain] com.zaxxer.hikari.HikariDataSource       : HikariPool-2 - Start completed.
2021-11-03 15:50:39.047  INFO 7166 --- [restartedMain] org.hibernate.dialect.Dialect            : HHH000400: Using dialect: org.hibernate.dialect.MySQL8Dialect
2021-11-03 15:50:39.111  INFO 7166 --- [restartedMain] o.h.e.t.j.p.i.JtaPlatformInitiator       : HHH000490: Using JtaPlatform implementation: [org.hibernate.engine.transaction.jta.platform.internal.NoJtaPlatform]
2021-11-03 15:50:39.111  INFO 7166 --- [restartedMain] j.LocalContainerEntityManagerFactoryBean : Initialized JPA EntityManagerFactory for persistence unit 'default'
2021-11-03 15:50:39.132  WARN 7166 --- [restartedMain] JpaBaseConfiguration$JpaWebConfiguration : spring.jpa.open-in-view is enabled by default. Therefore, database queries may be performed during view rendering. Explicitly configure spring.jpa.open-in-view to disable this warning
2021-11-03 15:50:39.215  INFO 7166 --- [restartedMain] o.s.s.web.DefaultSecurityFilterChain     : Will secure Ant [pattern='/images/**'] with []
2021-11-03 15:50:39.216  INFO 7166 --- [restartedMain] o.s.s.web.DefaultSecurityFilterChain     : Will secure Ant [pattern='/js/**'] with []
2021-11-03 15:50:39.216  INFO 7166 --- [restartedMain] o.s.s.web.DefaultSecurityFilterChain     : Will secure Ant [pattern='/webjars/**'] with []
2021-11-03 15:50:39.224  INFO 7166 --- [restartedMain] o.s.s.web.DefaultSecurityFilterChain     : Will secure any request with [org.springframework.security.web.context.request.async.WebAsyncManagerIntegrationFilter@7bf67653, org.springframework.security.web.context.SecurityContextPersistenceFilter@223542c8, org.springframework.security.web.header.HeaderWriterFilter@1d88c5c1, org.springframework.security.web.csrf.CsrfFilter@4960d532, org.springframework.security.web.authentication.logout.LogoutFilter@529a4c54, org.springframework.security.web.authentication.UsernamePasswordAuthenticationFilter@80bd418, org.springframework.security.web.savedrequest.RequestCacheAwareFilter@72143639, org.springframework.security.web.servletapi.SecurityContextHolderAwareRequestFilter@29695377, org.springframework.security.web.authentication.rememberme.RememberMeAuthenticationFilter@e3f7501, org.springframework.security.web.authentication.AnonymousAuthenticationFilter@6e8a2f26, org.springframework.security.web.session.SessionManagementFilter@6db3c309, org.springframework.security.web.access.ExceptionTranslationFilter@35fcb1b6, org.springframework.security.web.access.intercept.FilterSecurityInterceptor@15100f24]
2021-11-03 15:50:39.272  INFO 7166 --- [restartedMain] o.s.b.a.w.s.WelcomePageHandlerMapping    : Adding welcome page template: index
2021-11-03 15:50:39.454  INFO 7166 --- [restartedMain] o.s.b.d.a.OptionalLiveReloadServer       : LiveReload server is running on port 35729
2021-11-03 15:50:39.470  INFO 7166 --- [restartedMain] o.s.b.w.embedded.tomcat.TomcatWebServer  : Tomcat started on port(s): 8080 (http) with context path '/ShopmeAdmin'
2021-11-03 15:50:39.481  INFO 7166 --- [restartedMain] c.shopme.admin.ShopmeBackEndApplication  : Started ShopmeBackEndApplication in 0.777 seconds (JVM running for 824.327)
2021-11-03 15:50:39.483  INFO 7166 --- [restartedMain] .ConditionEvaluationDeltaLoggingListener : Condition evaluation unchanged
2021-11-03 15:50:47.694  INFO 7166 --- [RMI TCP Connection(25)-127.0.0.1] inMXBeanRegistrar$SpringApplicationAdmin : Application shutdown requested.
2021-11-03 15:50:47.707  INFO 7166 --- [RMI TCP Connection(25)-127.0.0.1] j.LocalContainerEntityManagerFactoryBean : Closing JPA EntityManagerFactory for persistence unit 'default'
2021-11-03 15:50:47.708  INFO 7166 --- [RMI TCP Connection(25)-127.0.0.1] com.zaxxer.hikari.HikariDataSource       : HikariPool-2 - Shutdown initiated...
2021-11-03 15:50:47.711  INFO 7166 --- [RMI TCP Connection(25)-127.0.0.1] com.zaxxer.hikari.HikariDataSource       : HikariPool-2 - Shutdown completed.
2021-11-03 15:51:08.803  INFO 7271 --- [restartedMain] c.shopme.admin.ShopmeBackEndApplication  : Starting ShopmeBackEndApplication using Java 16.0.2 on Nirajans-MBP.fios-router.home with PID 7271 (/Users/nirajanp/Documents/workspace-spring-tool-suite-4-4.12.0.RELEASE/ShopmeEcommerce/ShopmeProject/ShopmeWebParent/ShopmeBackEnd/target/classes started by nirajanp in /Users/nirajanp/Documents/workspace-spring-tool-suite-4-4.12.0.RELEASE/ShopmeEcommerce/ShopmeProject/ShopmeWebParent/ShopmeBackEnd)
2021-11-03 15:51:08.806  INFO 7271 --- [restartedMain] c.shopme.admin.ShopmeBackEndApplication  : No active profile set, falling back to default profiles: default
2021-11-03 15:51:08.850  INFO 7271 --- [restartedMain] .e.DevToolsPropertyDefaultsPostProcessor : Devtools property defaults active! Set 'spring.devtools.add-properties' to 'false' to disable
2021-11-03 15:51:08.850  INFO 7271 --- [restartedMain] .e.DevToolsPropertyDefaultsPostProcessor : For additional web related logging consider setting the 'logging.level.web' property to 'DEBUG'
2021-11-03 15:51:09.426  INFO 7271 --- [restartedMain] .s.d.r.c.RepositoryConfigurationDelegate : Bootstrapping Spring Data JPA repositories in DEFAULT mode.
2021-11-03 15:51:09.471  INFO 7271 --- [restartedMain] .s.d.r.c.RepositoryConfigurationDelegate : Finished Spring Data repository scanning in 38 ms. Found 2 JPA repository interfaces.
2021-11-03 15:51:09.998  INFO 7271 --- [restartedMain] o.s.b.w.embedded.tomcat.TomcatWebServer  : Tomcat initialized with port(s): 8080 (http)
2021-11-03 15:51:10.008  INFO 7271 --- [restartedMain] o.apache.catalina.core.StandardService   : Starting service [Tomcat]
2021-11-03 15:51:10.008  INFO 7271 --- [restartedMain] org.apache.catalina.core.StandardEngine  : Starting Servlet engine: [Apache Tomcat/9.0.53]
2021-11-03 15:51:10.094  INFO 7271 --- [restartedMain] o.a.c.c.C.[.[localhost].[/ShopmeAdmin]   : Initializing Spring embedded WebApplicationContext
2021-11-03 15:51:10.095  INFO 7271 --- [restartedMain] w.s.c.ServletWebServerApplicationContext : Root WebApplicationContext: initialization completed in 1244 ms
2021-11-03 15:51:10.259  INFO 7271 --- [restartedMain] o.hibernate.jpa.internal.util.LogHelper  : HHH000204: Processing PersistenceUnitInfo [name: default]
2021-11-03 15:51:10.304  INFO 7271 --- [restartedMain] org.hibernate.Version                    : HHH000412: Hibernate ORM core version 5.4.32.Final
2021-11-03 15:51:10.422  INFO 7271 --- [restartedMain] o.hibernate.annotations.common.Version   : HCANN000001: Hibernate Commons Annotations {5.1.2.Final}
2021-11-03 15:51:10.515  INFO 7271 --- [restartedMain] com.zaxxer.hikari.HikariDataSource       : HikariPool-1 - Starting...
2021-11-03 15:51:10.856  INFO 7271 --- [restartedMain] com.zaxxer.hikari.HikariDataSource       : HikariPool-1 - Start completed.
2021-11-03 15:51:10.877  INFO 7271 --- [restartedMain] org.hibernate.dialect.Dialect            : HHH000400: Using dialect: org.hibernate.dialect.MySQL8Dialect
2021-11-03 15:51:11.461  INFO 7271 --- [restartedMain] o.h.e.t.j.p.i.JtaPlatformInitiator       : HHH000490: Using JtaPlatform implementation: [org.hibernate.engine.transaction.jta.platform.internal.NoJtaPlatform]
2021-11-03 15:51:11.468  INFO 7271 --- [restartedMain] j.LocalContainerEntityManagerFactoryBean : Initialized JPA EntityManagerFactory for persistence unit 'default'
2021-11-03 15:51:11.508  WARN 7271 --- [restartedMain] JpaBaseConfiguration$JpaWebConfiguration : spring.jpa.open-in-view is enabled by default. Therefore, database queries may be performed during view rendering. Explicitly configure spring.jpa.open-in-view to disable this warning
2021-11-03 15:51:12.029  INFO 7271 --- [restartedMain] o.s.s.web.DefaultSecurityFilterChain     : Will secure Ant [pattern='/images/**'] with []
2021-11-03 15:51:12.029  INFO 7271 --- [restartedMain] o.s.s.web.DefaultSecurityFilterChain     : Will secure Ant [pattern='/js/**'] with []
2021-11-03 15:51:12.029  INFO 7271 --- [restartedMain] o.s.s.web.DefaultSecurityFilterChain     : Will secure Ant [pattern='/webjars/**'] with []
2021-11-03 15:51:12.059  INFO 7271 --- [restartedMain] o.s.s.web.DefaultSecurityFilterChain     : Will secure any request with [org.springframework.security.web.context.request.async.WebAsyncManagerIntegrationFilter@4d2d2f38, org.springframework.security.web.context.SecurityContextPersistenceFilter@1780ddbb, org.springframework.security.web.header.HeaderWriterFilter@11de4b6d, org.springframework.security.web.csrf.CsrfFilter@5503d119, org.springframework.security.web.authentication.logout.LogoutFilter@28cff9ff, org.springframework.security.web.authentication.UsernamePasswordAuthenticationFilter@21f0c5d6, org.springframework.security.web.savedrequest.RequestCacheAwareFilter@4b675d75, org.springframework.security.web.servletapi.SecurityContextHolderAwareRequestFilter@58fa82e5, org.springframework.security.web.authentication.rememberme.RememberMeAuthenticationFilter@44f85bb8, org.springframework.security.web.authentication.AnonymousAuthenticationFilter@6289c861, org.springframework.security.web.session.SessionManagementFilter@7547a069, org.springframework.security.web.access.ExceptionTranslationFilter@57550bcf, org.springframework.security.web.access.intercept.FilterSecurityInterceptor@8afc6f0]
2021-11-03 15:51:12.231  INFO 7271 --- [restartedMain] o.s.b.a.w.s.WelcomePageHandlerMapping    : Adding welcome page template: index
2021-11-03 15:51:12.625  INFO 7271 --- [restartedMain] o.s.b.d.a.OptionalLiveReloadServer       : LiveReload server is running on port 35729
2021-11-03 15:51:12.657  INFO 7271 --- [restartedMain] o.s.b.w.embedded.tomcat.TomcatWebServer  : Tomcat started on port(s): 8080 (http) with context path '/ShopmeAdmin'
2021-11-03 15:51:12.667  INFO 7271 --- [restartedMain] c.shopme.admin.ShopmeBackEndApplication  : Started ShopmeBackEndApplication in 4.173 seconds (JVM running for 4.91)
2021-11-03 15:51:36.112  INFO 7271 --- [http-nio-8080-exec-1] o.a.c.c.C.[.[localhost].[/ShopmeAdmin]   : Initializing Spring DispatcherServlet 'dispatcherServlet'
2021-11-03 15:51:36.112  INFO 7271 --- [http-nio-8080-exec-1] o.s.web.servlet.DispatcherServlet        : Initializing Servlet 'dispatcherServlet'
2021-11-03 15:51:36.114  INFO 7271 --- [http-nio-8080-exec-1] o.s.web.servlet.DispatcherServlet        : Completed initialization in 2 ms
2021-11-03 15:52:23.482 ERROR 7271 --- [http-nio-8080-exec-6] com.shopme.admin.FileUploadUtil          : Could not list directory user-photos/24
2021-11-03 15:56:09.250  INFO 7271 --- [Thread-5] j.LocalContainerEntityManagerFactoryBean : Closing JPA EntityManagerFactory for persistence unit 'default'
2021-11-03 15:56:09.253  INFO 7271 --- [Thread-5] com.zaxxer.hikari.HikariDataSource       : HikariPool-1 - Shutdown initiated...
2021-11-03 15:56:09.259  INFO 7271 --- [Thread-5] com.zaxxer.hikari.HikariDataSource       : HikariPool-1 - Shutdown completed.
2021-11-03 15:56:09.345  INFO 7271 --- [restartedMain] c.shopme.admin.ShopmeBackEndApplication  : Starting ShopmeBackEndApplication using Java 16.0.2 on Nirajans-MBP.fios-router.home with PID 7271 (/Users/nirajanp/Documents/workspace-spring-tool-suite-4-4.12.0.RELEASE/ShopmeEcommerce/ShopmeProject/ShopmeWebParent/ShopmeBackEnd/target/classes started by nirajanp in /Users/nirajanp/Documents/workspace-spring-tool-suite-4-4.12.0.RELEASE/ShopmeEcommerce/ShopmeProject/ShopmeWebParent/ShopmeBackEnd)
2021-11-03 15:56:09.346  INFO 7271 --- [restartedMain] c.shopme.admin.ShopmeBackEndApplication  : No active profile set, falling back to default profiles: default
2021-11-03 15:56:09.500  INFO 7271 --- [restartedMain] .s.d.r.c.RepositoryConfigurationDelegate : Bootstrapping Spring Data JPA repositories in DEFAULT mode.
2021-11-03 15:56:09.509  INFO 7271 --- [restartedMain] .s.d.r.c.RepositoryConfigurationDelegate : Finished Spring Data repository scanning in 8 ms. Found 2 JPA repository interfaces.
2021-11-03 15:56:09.592  INFO 7271 --- [restartedMain] o.s.b.w.embedded.tomcat.TomcatWebServer  : Tomcat initialized with port(s): 8080 (http)
2021-11-03 15:56:09.593  INFO 7271 --- [restartedMain] o.apache.catalina.core.StandardService   : Starting service [Tomcat]
2021-11-03 15:56:09.593  INFO 7271 --- [restartedMain] org.apache.catalina.core.StandardEngine  : Starting Servlet engine: [Apache Tomcat/9.0.53]
2021-11-03 15:56:09.605  INFO 7271 --- [restartedMain] o.a.c.c.C.[.[localhost].[/ShopmeAdmin]   : Initializing Spring embedded WebApplicationContext
2021-11-03 15:56:09.606  INFO 7271 --- [restartedMain] w.s.c.ServletWebServerApplicationContext : Root WebApplicationContext: initialization completed in 257 ms
2021-11-03 15:56:09.618  WARN 7271 --- [restartedMain] o.a.c.c.C.[.[localhost].[/ShopmeAdmin]   : Cannot deserialize session attribute [SPRING_SECURITY_CONTEXT] for session [5EBB9D87C59D0991605A03C52DE0EE0D]
2021-11-03 15:56:09.641  INFO 7271 --- [restartedMain] o.hibernate.jpa.internal.util.LogHelper  : HHH000204: Processing PersistenceUnitInfo [name: default]
2021-11-03 15:56:09.646  INFO 7271 --- [restartedMain] com.zaxxer.hikari.HikariDataSource       : HikariPool-2 - Starting...
2021-11-03 15:56:09.662  INFO 7271 --- [restartedMain] com.zaxxer.hikari.HikariDataSource       : HikariPool-2 - Start completed.
2021-11-03 15:56:09.662  INFO 7271 --- [restartedMain] org.hibernate.dialect.Dialect            : HHH000400: Using dialect: org.hibernate.dialect.MySQL8Dialect
2021-11-03 15:56:09.724  INFO 7271 --- [restartedMain] o.h.e.t.j.p.i.JtaPlatformInitiator       : HHH000490: Using JtaPlatform implementation: [org.hibernate.engine.transaction.jta.platform.internal.NoJtaPlatform]
2021-11-03 15:56:09.724  INFO 7271 --- [restartedMain] j.LocalContainerEntityManagerFactoryBean : Initialized JPA EntityManagerFactory for persistence unit 'default'
2021-11-03 15:56:09.741  WARN 7271 --- [restartedMain] JpaBaseConfiguration$JpaWebConfiguration : spring.jpa.open-in-view is enabled by default. Therefore, database queries may be performed during view rendering. Explicitly configure spring.jpa.open-in-view to disable this warning
2021-11-03 15:56:09.842  INFO 7271 --- [restartedMain] o.s.s.web.DefaultSecurityFilterChain     : Will secure Ant [pattern='/images/**'] with []
2021-11-03 15:56:09.842  INFO 7271 --- [restartedMain] o.s.s.web.DefaultSecurityFilterChain     : Will secure Ant [pattern='/js/**'] with []
2021-11-03 15:56:09.842  INFO 7271 --- [restartedMain] o.s.s.web.DefaultSecurityFilterChain     : Will secure Ant [pattern='/webjars/**'] with []
2021-11-03 15:56:09.852  INFO 7271 --- [restartedMain] o.s.s.web.DefaultSecurityFilterChain     : Will secure any request with [org.springframework.security.web.context.request.async.WebAsyncManagerIntegrationFilter@5daab798, org.springframework.security.web.context.SecurityContextPersistenceFilter@5cc21b89, org.springframework.security.web.header.HeaderWriterFilter@541ca6ec, org.springframework.security.web.csrf.CsrfFilter@5f9cf758, org.springframework.security.web.authentication.logout.LogoutFilter@2a1e8f2a, org.springframework.security.web.authentication.UsernamePasswordAuthenticationFilter@2b66d100, org.springframework.security.web.savedrequest.RequestCacheAwareFilter@53bda423, org.springframework.security.web.servletapi.SecurityContextHolderAwareRequestFilter@62a7537e, org.springframework.security.web.authentication.rememberme.RememberMeAuthenticationFilter@3ef7b247, org.springframework.security.web.authentication.AnonymousAuthenticationFilter@73dd919d, org.springframework.security.web.session.SessionManagementFilter@645c166d, org.springframework.security.web.access.ExceptionTranslationFilter@1053f476, org.springframework.security.web.access.intercept.FilterSecurityInterceptor@54ff54c4]
2021-11-03 15:56:09.922  INFO 7271 --- [restartedMain] o.s.b.a.w.s.WelcomePageHandlerMapping    : Adding welcome page template: index
2021-11-03 15:56:10.131  INFO 7271 --- [restartedMain] o.s.b.d.a.OptionalLiveReloadServer       : LiveReload server is running on port 35729
2021-11-03 15:56:10.142  INFO 7271 --- [restartedMain] o.s.b.w.embedded.tomcat.TomcatWebServer  : Tomcat started on port(s): 8080 (http) with context path '/ShopmeAdmin'
2021-11-03 15:56:10.147  INFO 7271 --- [restartedMain] c.shopme.admin.ShopmeBackEndApplication  : Started ShopmeBackEndApplication in 0.839 seconds (JVM running for 302.39)
2021-11-03 15:56:10.149  INFO 7271 --- [restartedMain] .ConditionEvaluationDeltaLoggingListener : Condition evaluation unchanged
2021-11-03 15:57:08.237  INFO 7271 --- [Thread-7] j.LocalContainerEntityManagerFactoryBean : Closing JPA EntityManagerFactory for persistence unit 'default'
2021-11-03 15:57:08.237  INFO 7271 --- [Thread-7] com.zaxxer.hikari.HikariDataSource       : HikariPool-2 - Shutdown initiated...
2021-11-03 15:57:08.242  INFO 7271 --- [Thread-7] com.zaxxer.hikari.HikariDataSource       : HikariPool-2 - Shutdown completed.
2021-11-03 15:57:08.330  INFO 7271 --- [restartedMain] c.shopme.admin.ShopmeBackEndApplication  : Starting ShopmeBackEndApplication using Java 16.0.2 on Nirajans-MBP.fios-router.home with PID 7271 (/Users/nirajanp/Documents/workspace-spring-tool-suite-4-4.12.0.RELEASE/ShopmeEcommerce/ShopmeProject/ShopmeWebParent/ShopmeBackEnd/target/classes started by nirajanp in /Users/nirajanp/Documents/workspace-spring-tool-suite-4-4.12.0.RELEASE/ShopmeEcommerce/ShopmeProject/ShopmeWebParent/ShopmeBackEnd)
2021-11-03 15:57:08.330  INFO 7271 --- [restartedMain] c.shopme.admin.ShopmeBackEndApplication  : No active profile set, falling back to default profiles: default
2021-11-03 15:57:08.475  INFO 7271 --- [restartedMain] .s.d.r.c.RepositoryConfigurationDelegate : Bootstrapping Spring Data JPA repositories in DEFAULT mode.
2021-11-03 15:57:08.486  INFO 7271 --- [restartedMain] .s.d.r.c.RepositoryConfigurationDelegate : Finished Spring Data repository scanning in 10 ms. Found 2 JPA repository interfaces.
2021-11-03 15:57:08.580  INFO 7271 --- [restartedMain] o.s.b.w.embedded.tomcat.TomcatWebServer  : Tomcat initialized with port(s): 8080 (http)
2021-11-03 15:57:08.581  INFO 7271 --- [restartedMain] o.apache.catalina.core.StandardService   : Starting service [Tomcat]
2021-11-03 15:57:08.581  INFO 7271 --- [restartedMain] org.apache.catalina.core.StandardEngine  : Starting Servlet engine: [Apache Tomcat/9.0.53]
2021-11-03 15:57:08.594  INFO 7271 --- [restartedMain] o.a.c.c.C.[.[localhost].[/ShopmeAdmin]   : Initializing Spring embedded WebApplicationContext
2021-11-03 15:57:08.594  INFO 7271 --- [restartedMain] w.s.c.ServletWebServerApplicationContext : Root WebApplicationContext: initialization completed in 261 ms
2021-11-03 15:57:08.630  INFO 7271 --- [restartedMain] o.hibernate.jpa.internal.util.LogHelper  : HHH000204: Processing PersistenceUnitInfo [name: default]
2021-11-03 15:57:08.635  INFO 7271 --- [restartedMain] com.zaxxer.hikari.HikariDataSource       : HikariPool-3 - Starting...
2021-11-03 15:57:08.652  INFO 7271 --- [restartedMain] com.zaxxer.hikari.HikariDataSource       : HikariPool-3 - Start completed.
2021-11-03 15:57:08.652  INFO 7271 --- [restartedMain] org.hibernate.dialect.Dialect            : HHH000400: Using dialect: org.hibernate.dialect.MySQL8Dialect
2021-11-03 15:57:08.715  INFO 7271 --- [restartedMain] o.h.e.t.j.p.i.JtaPlatformInitiator       : HHH000490: Using JtaPlatform implementation: [org.hibernate.engine.transaction.jta.platform.internal.NoJtaPlatform]
2021-11-03 15:57:08.715  INFO 7271 --- [restartedMain] j.LocalContainerEntityManagerFactoryBean : Initialized JPA EntityManagerFactory for persistence unit 'default'
2021-11-03 15:57:08.733  WARN 7271 --- [restartedMain] JpaBaseConfiguration$JpaWebConfiguration : spring.jpa.open-in-view is enabled by default. Therefore, database queries may be performed during view rendering. Explicitly configure spring.jpa.open-in-view to disable this warning
2021-11-03 15:57:08.819  INFO 7271 --- [restartedMain] o.s.s.web.DefaultSecurityFilterChain     : Will secure Ant [pattern='/images/**'] with []
2021-11-03 15:57:08.819  INFO 7271 --- [restartedMain] o.s.s.web.DefaultSecurityFilterChain     : Will secure Ant [pattern='/js/**'] with []
2021-11-03 15:57:08.819  INFO 7271 --- [restartedMain] o.s.s.web.DefaultSecurityFilterChain     : Will secure Ant [pattern='/webjars/**'] with []
2021-11-03 15:57:08.827  INFO 7271 --- [restartedMain] o.s.s.web.DefaultSecurityFilterChain     : Will secure any request with [org.springframework.security.web.context.request.async.WebAsyncManagerIntegrationFilter@2a7fa348, org.springframework.security.web.context.SecurityContextPersistenceFilter@66b0fa1d, org.springframework.security.web.header.HeaderWriterFilter@709a8487, org.springframework.security.web.csrf.CsrfFilter@22d708ce, org.springframework.security.web.authentication.logout.LogoutFilter@528c4f31, org.springframework.security.web.authentication.UsernamePasswordAuthenticationFilter@250b316c, org.springframework.security.web.savedrequest.RequestCacheAwareFilter@33e99ba7, org.springframework.security.web.servletapi.SecurityContextHolderAwareRequestFilter@17738fe1, org.springframework.security.web.authentication.rememberme.RememberMeAuthenticationFilter@4a286387, org.springframework.security.web.authentication.AnonymousAuthenticationFilter@2985f6d8, org.springframework.security.web.session.SessionManagementFilter@7c3b1c2c, org.springframework.security.web.access.ExceptionTranslationFilter@51c0898d, org.springframework.security.web.access.intercept.FilterSecurityInterceptor@37b699f6]
2021-11-03 15:57:08.891  INFO 7271 --- [restartedMain] o.s.b.a.w.s.WelcomePageHandlerMapping    : Adding welcome page template: index
2021-11-03 15:57:09.084  INFO 7271 --- [restartedMain] o.s.b.d.a.OptionalLiveReloadServer       : LiveReload server is running on port 35729
2021-11-03 15:57:09.092  INFO 7271 --- [restartedMain] o.s.b.w.embedded.tomcat.TomcatWebServer  : Tomcat started on port(s): 8080 (http) with context path '/ShopmeAdmin'
2021-11-03 15:57:09.097  INFO 7271 --- [restartedMain] c.shopme.admin.ShopmeBackEndApplication  : Started ShopmeBackEndApplication in 0.804 seconds (JVM running for 361.341)
2021-11-03 15:57:09.099  INFO 7271 --- [restartedMain] .ConditionEvaluationDeltaLoggingListener : Condition evaluation unchanged
2021-11-03 15:58:08.108  INFO 7271 --- [Thread-11] j.LocalContainerEntityManagerFactoryBean : Closing JPA EntityManagerFactory for persistence unit 'default'
2021-11-03 15:58:08.109  INFO 7271 --- [Thread-11] com.zaxxer.hikari.HikariDataSource       : HikariPool-3 - Shutdown initiated...
2021-11-03 15:58:08.112  INFO 7271 --- [Thread-11] com.zaxxer.hikari.HikariDataSource       : HikariPool-3 - Shutdown completed.
